<?xml version="1.0" encoding="UTF-8"?>
<!-- Generated by org.testng.reporters.JUnitReportReporter -->
<testsuite skipped="0" hostname="DESKTOP-T8H87ST" name="Git.Practise" tests="1" failures="0" timestamp="2023-08-02T07:07:00 IST" time="0.026" errors="0">
  <testcase name="practise" time="0.026" classname="Git.Practise"/>
  <system-out/>
</testsuite> <!-- Git.Practise -->
